Determining if the pthread_create exist failed with the following output:
Change Dir: /home/mohamed/Desktop/NewLibrary/build/CMakeFiles/CMakeTmp

Run Build Command:"/usr/bin/make" "cmTC_a688b/fast"
/usr/bin/make -f CMakeFiles/cmTC_a688b.dir/build.make CMakeFiles/cmTC_a688b.dir/build
make[1]: Entering directory '/home/mohamed/Desktop/NewLibrary/build/CMakeFiles/CMakeTmp'
Building C object CMakeFiles/cmTC_a688b.dir/CheckSymbolExists.c.o
/usr/bin/cc    -fPIC    -o CMakeFiles/cmTC_a688b.dir/CheckSymbolExists.c.o   -c /home/mohamed/Desktop/NewLibrary/build/CMakeFiles/CMakeTmp/CheckSymbolExists.c
Linking C executable cmTC_a688b
/usr/bin/cmake -E cmake_link_script CMakeFiles/cmTC_a688b.dir/link.txt --verbose=1
/usr/bin/cc  -fPIC     CMakeFiles/cmTC_a688b.dir/CheckSymbolExists.c.o  -o cmTC_a688b -rdynamic 
CMakeFiles/cmTC_a688b.dir/CheckSymbolExists.c.o: In function `main':
CheckSymbolExists.c:(.text+0x1b): undefined reference to `pthread_create'
collect2: error: ld returned 1 exit status
CMakeFiles/cmTC_a688b.dir/build.make:97: recipe for target 'cmTC_a688b' failed
make[1]: *** [cmTC_a688b] Error 1
make[1]: Leaving directory '/home/mohamed/Desktop/NewLibrary/build/CMakeFiles/CMakeTmp'
Makefile:126: recipe for target 'cmTC_a688b/fast' failed
make: *** [cmTC_a688b/fast] Error 2

File /home/mohamed/Desktop/NewLibrary/build/CMakeFiles/CMakeTmp/CheckSymbolExists.c:
/* */
#include <pthread.h>

int main(int argc, char** argv)
{
  (void)argv;
#ifndef pthread_create
  return ((int*)(&pthread_create))[argc];
#else
  (void)argc;
  return 0;
#endif
}

Determining if the function pthread_create exists in the pthreads failed with the following output:
Change Dir: /home/mohamed/Desktop/NewLibrary/build/CMakeFiles/CMakeTmp

Run Build Command:"/usr/bin/make" "cmTC_7f91b/fast"
/usr/bin/make -f CMakeFiles/cmTC_7f91b.dir/build.make CMakeFiles/cmTC_7f91b.dir/build
make[1]: Entering directory '/home/mohamed/Desktop/NewLibrary/build/CMakeFiles/CMakeTmp'
Building C object CMakeFiles/cmTC_7f91b.dir/CheckFunctionExists.c.o
/usr/bin/cc    -fPIC -DCHECK_FUNCTION_EXISTS=pthread_create   -o CMakeFiles/cmTC_7f91b.dir/CheckFunctionExists.c.o   -c /usr/share/cmake-3.5/Modules/CheckFunctionExists.c
Linking C executable cmTC_7f91b
/usr/bin/cmake -E cmake_link_script CMakeFiles/cmTC_7f91b.dir/link.txt --verbose=1
/usr/bin/cc  -fPIC -DCHECK_FUNCTION_EXISTS=pthread_create    CMakeFiles/cmTC_7f91b.dir/CheckFunctionExists.c.o  -o cmTC_7f91b -rdynamic -lpthreads 
/usr/bin/ld: cannot find -lpthreads
collect2: error: ld returned 1 exit status
CMakeFiles/cmTC_7f91b.dir/build.make:97: recipe for target 'cmTC_7f91b' failed
make[1]: *** [cmTC_7f91b] Error 1
make[1]: Leaving directory '/home/mohamed/Desktop/NewLibrary/build/CMakeFiles/CMakeTmp'
Makefile:126: recipe for target 'cmTC_7f91b/fast' failed
make: *** [cmTC_7f91b/fast] Error 2


